2026-03-09T09:24:16: >>> ghost-api starting (with GATEWAY) <<<
2026-03-09T09:24:16: >>> RUST_LOG=ghost_api=info,info
2026-03-09T09:24:32: [API] 📥 INCOMING: GET /health
2026-03-09T09:24:34: [API] 📥 INCOMING: POST /api/v1/models
2026-03-09T09:26:43: [API] 📥 INCOMING: GET /
2026-03-09T09:26:43: [API] 📥 INCOMING: GET /
2026-03-09T09:27:21: [API] 📥 INCOMING: GET /
2026-03-09T09:27:37: [API] 📥 INCOMING: GET /
2026-03-09T09:27:46: [API] 📥 INCOMING: GET /
2026-03-09T09:27:55: [API] 📥 INCOMING: GET /
2026-03-09T09:28:02: [API] 📥 INCOMING: GET /
2026-03-09T09:28:13: [API] 📥 INCOMING: GET /
2026-03-09T09:28:19: [API] 📥 INCOMING: GET /
2026-03-09T09:28:33: [API] 📥 INCOMING: GET /
2026-03-09T09:28:37: [API] 📥 INCOMING: GET /
2026-03-09T09:28:57: [API] 📥 INCOMING: GET /
2026-03-09T09:31:44: [API] 📥 INCOMING: GET /health
2026-03-09T09:31:44: [API] 📥 INCOMING: GET /favicon.ico
2026-03-09T09:31:55: [API] 📥 INCOMING: GET /api/v1/models
2026-03-09T09:32:29: [API] 📥 INCOMING: GET /
2026-03-09T09:38:09: [API] 📥 INCOMING: GET /
2026-03-09T09:41:02: [API] 📥 INCOMING: GET /
2026-03-09T09:41:03: [API] 📥 INCOMING: GET /
2026-03-09T09:56:01: [API] 📥 INCOMING: GET /
2026-03-09T09:56:07: [API] 📥 INCOMING: GET /
2026-03-09T09:58:56: >>> ghost-api starting (with GATEWAY) <<<
2026-03-09T09:58:56: >>> RUST_LOG=ghost_api=info,info
2026-03-09T09:59:09: [API] 📥 INCOMING: GET /
2026-03-09T10:03:37: [API] 📥 INCOMING: GET /
2026-03-09T10:05:14: [API] 📥 INCOMING: GET /robots.txt
2026-03-09T10:05:15: [API] 📥 INCOMING: GET /
2026-03-09T10:05:26: [API] 📥 INCOMING: GET /
2026-03-09T10:14:56: [API] 📥 INCOMING: GET /
2026-03-09T10:14:56: [API] 📥 INCOMING: GET /favicon.ico
2026-03-09T10:16:27: >>> ghost-api starting (with GATEWAY) <<<
2026-03-09T10:16:27: >>> RUST_LOG=ghost_api=info,info
2026-03-09T10:17:47: >>> ghost-api starting (with GATEWAY) <<<
2026-03-09T10:17:47: >>> RUST_LOG=ghost_api=info,info
2026-03-09T10:18:19: [API] 📥 INCOMING: POST /api/v1/auth/validate-license
2026-03-09T10:18:19: [API] 📥 INCOMING: POST /api/v1/auth/validate-license
2026-03-09T10:18:35: [API] 📥 INCOMING: POST /api/v1/models
2026-03-09T10:18:35: [API] 📥 INCOMING: POST /api/v1/models
2026-03-09T10:18:35: [API] 📥 INCOMING: POST /api/v1/models
2026-03-09T10:18:35: [API] 📥 INCOMING: POST /api/v1/auth/get-user
2026-03-09T10:18:35: [API] 📥 INCOMING: GET /api/v1/usage/ada31200-cba7-47d6-90da-f88ec98a8e47
2026-03-09T10:18:35: [API] 📥 INCOMING: GET /api/v1/usage/ada31200-cba7-47d6-90da-f88ec98a8e47/history?limit=10
2026-03-09T10:18:46: [API] 📥 INCOMING: GET /api/v1/usage/ada31200-cba7-47d6-90da-f88ec98a8e47
2026-03-09T10:18:46: [API] 📥 INCOMING: GET /api/v1/usage/ada31200-cba7-47d6-90da-f88ec98a8e47/history?limit=10
2026-03-09T10:19:05: [API] 📥 INCOMING: GET /api/v1/usage/ada31200-cba7-47d6-90da-f88ec98a8e47
2026-03-09T10:19:05: [API] 📥 INCOMING: GET /api/v1/usage/ada31200-cba7-47d6-90da-f88ec98a8e47/history?limit=10
2026-03-09T10:19:08: [API] 📥 INCOMING: POST /api/v1/auth/login
2026-03-09T10:19:09: [API] 📥 INCOMING: POST /api/v1/auth/validate-license
2026-03-09T10:19:28: [API] 📥 INCOMING: POST /api/v1/models
2026-03-09T10:19:28: [API] 📥 INCOMING: POST /api/v1/models
2026-03-09T10:19:28: [API] 📥 INCOMING: POST /api/v1/models
2026-03-09T10:19:28: [API] 📥 INCOMING: 
2026-03-09T10:19:28: GET /api/v1/usage/ada31200-cba7-47d6-90da-f88ec98a8e47
2026-03-09T10:19:28: [API] 📥 INCOMING: GET /api/v1/usage/ada31200-cba7-47d6-90da-f88ec98a8e47/history?limit=10
2026-03-09T10:19:28: [API] 📥 INCOMING: 
2026-03-09T10:19:28: POST
2026-03-09T10:19:28:  
2026-03-09T10:19:28: /api/v1/auth/get-user
2026-03-09T10:19:28: 
2026-03-09T10:19:28: [API] 📥 INCOMING: GET /api/v1/usage/b35c614f-a292-4734-8d2e-d430f658774f/history?limit=10
2026-03-09T10:19:28: [API] 📥 INCOMING: GET /api/v1/usage/b35c614f-a292-4734-8d2e-d430f658774f
2026-03-09T10:20:42: [API] 📥 INCOMING: POST /api/v1/models
2026-03-09T10:20:42: [API] 📥 INCOMING: POST /api/v1/models
2026-03-09T10:20:42: [API] 📥 INCOMING: 
2026-03-09T10:20:42: POST /api/v1/models
2026-03-09T10:20:42: [API] 📥 INCOMING: POST /api/v1/auth/get-user
2026-03-09T10:20:42: [API] 📥 INCOMING: GET /api/v1/usage/b35c614f-a292-4734-8d2e-d430f658774f/history?limit=10
2026-03-09T10:20:42: [API] 📥 INCOMING: GET /api/v1/usage/b35c614f-a292-4734-8d2e-d430f658774f
2026-03-09T10:20:44: [API] 📥 INCOMING: GET /api/v1/usage/b35c614f-a292-4734-8d2e-d430f658774f
2026-03-09T10:20:44: [API] 📥 INCOMING: GET /api/v1/usage/b35c614f-a292-4734-8d2e-d430f658774f/history?limit=10
2026-03-09T10:20:58: [API] 📥 INCOMING: POST /api/v1/models
2026-03-09T10:20:58: [API] 📥 INCOMING: POST /api/v1/models
2026-03-09T10:20:58: [API] 📥 INCOMING: POST /api/v1/models
2026-03-09T10:20:58: [API] 📥 INCOMING: POST /api/v1/auth/get-user
2026-03-09T10:20:58: [API] 📥 INCOMING: GET /api/v1/usage/b35c614f-a292-4734-8d2e-d430f658774f/history?limit=10
2026-03-09T10:20:58: [API] 📥 INCOMING: GET /api/v1/usage/b35c614f-a292-4734-8d2e-d430f658774f
2026-03-09T10:21:22: [API] 📥 INCOMING: POST /api/v1/models
2026-03-09T10:21:23: [API] 📥 INCOMING: POST /api/v1/models
2026-03-09T10:21:23: [API] 📥 INCOMING: POST /api/v1/models
2026-03-09T10:21:23: [API] 📥 INCOMING: POST /api/v1/auth/get-user
2026-03-09T10:21:23: [API] 📥 INCOMING: GET /api/v1/usage/b35c614f-a292-4734-8d2e-d430f658774f
2026-03-09T10:21:23: [API] 📥 INCOMING: GET /api/v1/usage/b35c614f-a292-4734-8d2e-d430f658774f/history?limit=10
2026-03-09T10:23:06: >>> ghost-api starting (with GATEWAY) <<<
2026-03-09T10:23:06: >>> RUST_LOG=ghost_api=info,info
2026-03-09T10:25:40: [API] 📥 INCOMING: POST
2026-03-09T10:25:40:  /api/v1/models
2026-03-09T10:25:40: [API] 📥 INCOMING: 
2026-03-09T10:25:40: POST
2026-03-09T10:25:40:  
2026-03-09T10:25:40: /api/v1/models
2026-03-09T10:25:40: 
2026-03-09T10:25:40: [API] 📥 INCOMING: POST /api/v1/models
2026-03-09T10:25:40: [API] 📥 INCOMING: 
2026-03-09T10:25:40: POST /api/v1/auth/get-user
2026-03-09T10:25:40: [API] 📥 INCOMING: GET /api/v1/usage/b35c614f-a292-4734-8d2e-d430f658774f
2026-03-09T10:25:40: [API] 📥 INCOMING: GET /api/v1/usage/b35c614f-a292-4734-8d2e-d430f658774f/history?limit=10
2026-03-09T10:26:32: [API] 📥 INCOMING: POST /api/v1/models
2026-03-09T10:26:32: [API] 📥 INCOMING: POST /api/v1/models
2026-03-09T10:26:32: [API] 📥 INCOMING: POST /api/v1/models
2026-03-09T10:26:32: [API] 📥 INCOMING: POST /api/v1/auth/get-user
2026-03-09T10:26:32: [API] 📥 INCOMING: GET /api/v1/usage/b35c614f-a292-4734-8d2e-d430f658774f
2026-03-09T10:26:32: [API] 📥 INCOMING: GET /api/v1/usage/b35c614f-a292-4734-8d2e-d430f658774f/history?limit=10
